<?xml version="1.0" encoding="UTF-8"?>
<!-- Generated by org.testng.reporters.JUnitXMLReporter -->
<testsuite hostname="DESKTOP-8J78PJ9" name="Default test" tests="7" failures="0" timestamp="30 Apr 2019 01:27:34 GMT" time="107.889" errors="0">
  <testcase name="clickOnContactLinkTest" time="1.768" classname="com.crm.qa.testpages.ContactPageTest"/>
  <testcase name="verifyContactIconTest" time="0.205" classname="com.crm.qa.testpages.ContactPageTest"/>
  <testcase name="validateCreateNewContact" time="3.243" classname="com.crm.qa.testpages.ContactPageTest"/>
  <testcase name="validateCreateNewContact" time="2.566" classname="com.crm.qa.testpages.ContactPageTest"/>
  <testcase name="validateCreateNewContact" time="2.565" classname="com.crm.qa.testpages.ContactPageTest"/>
  <testcase name="validateCreateNewContact" time="3.932" classname="com.crm.qa.testpages.ContactPageTest"/>
  <testcase name="validateCreateNewContact" time="6.301" classname="com.crm.qa.testpages.ContactPageTest"/>
</testsuite> <!-- Default test -->
